[13:58:25] [main/INFO]: Loading Minecraft 1.20.1 with Fabric Loader 0.16.3
[13:58:25] [ForkJoinPool-1-worker-1/WARN]: Mod doespotatotick uses the version fabric-quilt-1.20.1-3.6.1 which isn't compatible with Loader's extended semantic version format (Could not parse version number component 'fabric'!), SemVer is recommended for reliably evaluating dependencies and prioritizing newer version
[13:58:25] [ForkJoinPool-1-worker-2/WARN]: Mod mr_dungeons_andtaverns uses the version 3.0.3.f which isn't compatible with Loader's extended semantic version format (Could not parse version number component 'f'!), SemVer is recommended for reliably evaluating dependencies and prioritizing newer version
[13:58:25] [ForkJoinPool-1-worker-1/WARN]: The mod "dungeons_arise" contains invalid entries in its mod json:
- Unsupported root entry "credits" at line 12 column 12
[13:58:25] [main/INFO]: Loading 132 mods:
	- appleskin 2.5.1+mc1.20
	- architectury 9.2.14
	- artifacts 9.5.13
	   |-- cardinal-components-base 5.2.2
	   |-- cardinal-components-entity 5.2.2
	   |-- expandability 9.0.4
	   \-- step-height-entity-attribute 1.2.0
	- attributefix 21.0.4
	- bcc 4.0.8
	- bettercombat 1.8.6+1.20.1
	- bookshelf 20.2.13
	- bosses_of_mass_destruction 1.7.5-1.20.1
	   |-- maelstrom_library 1.6.1-1.20
	   \-- multipart_entities 1.5-1.20
	- cardinal-components 5.2.2
	   |-- cardinal-components-block 5.2.2
	   |-- cardinal-components-chunk 5.2.2
	   |-- cardinal-components-item 5.2.2
	   |-- cardinal-components-level 5.2.2
	   |-- cardinal-components-scoreboard 5.2.2
	   \-- cardinal-components-world 5.2.2
	- cloth-config 11.1.136
	   \-- cloth-basic-math 0.6.1
	- clumps 12.0.0.4
	- collective 7.87
	- combatroll 1.3.3+1.20.1
	- configured 2.2.3
	- cupboard 1.20.1-2.7
	- darktimer 1.1.9
	- doespotatotick fabric-quilt-1.20.1-3.6.1
	- dungeons_arise 2.1.58
	- emi 1.1.18+1.20.1+fabric
	- emi_enchanting 0.1.2+1.20.1
	- emi_loot 0.7.4+1.20.1+fabric
	- emi_ores 1.0+1.20.1+fabric
	- entityculling 1.7.1
	- extra-mod-integrations 0.4.6+1.20.1
	- fabric-api 0.92.2+1.20.1
	   |-- fabric-api-base 0.4.31+1802ada577
	   |-- fabric-api-lookup-api-v1 1.6.36+1802ada577
	   |-- fabric-biome-api-v1 13.0.13+1802ada577
	   |-- fabric-block-api-v1 1.0.11+1802ada577
	   |-- fabric-block-view-api-v2 1.0.1+1802ada577
	   |-- fabric-blockrenderlayer-v1 1.1.41+1802ada577
	   |-- fabric-client-tags-api-v1 1.1.2+1802ada577
	   |-- fabric-command-api-v1 1.2.34+f71b366f77
	   |-- fabric-command-api-v2 2.2.13+1802ada577
	   |-- fabric-commands-v0 0.2.51+df3654b377
	   |-- fabric-containers-v0 0.1.64+df3654b377
	   |-- fabric-content-registries-v0 4.0.11+1802ada577
	   |-- fabric-convention-tags-v1 1.5.5+1802ada577
	   |-- fabric-crash-report-info-v1 0.2.19+1802ada577
	   |-- fabric-data-attachment-api-v1 1.0.0+de0fd6d177
	   |-- fabric-data-generation-api-v1 12.3.4+1802ada577
	   |-- fabric-dimensions-v1 2.1.54+1802ada577
	   |-- fabric-entity-events-v1 1.6.0+1c78457f77
	   |-- fabric-events-interaction-v0 0.6.2+1802ada577
	   |-- fabric-events-lifecycle-v0 0.2.63+df3654b377
	   |-- fabric-game-rule-api-v1 1.0.40+1802ada577
	   |-- fabric-item-api-v1 2.1.28+1802ada577
	   |-- fabric-item-group-api-v1 4.0.12+1802ada577
	   |-- fabric-key-binding-api-v1 1.0.37+1802ada577
	   |-- fabric-keybindings-v0 0.2.35+df3654b377
	   |-- fabric-lifecycle-events-v1 2.2.22+1802ada577
	   |-- fabric-loot-api-v2 1.2.1+1802ada577
	   |-- fabric-loot-tables-v1 1.1.45+9e7660c677
	   |-- fabric-message-api-v1 5.1.9+1802ada577
	   |-- fabric-mining-level-api-v1 2.1.50+1802ada577
	   |-- fabric-model-loading-api-v1 1.0.3+1802ada577
	   |-- fabric-models-v0 0.4.2+9386d8a777
	   |-- fabric-networking-api-v1 1.3.11+1802ada577
	   |-- fabric-networking-v0 0.3.51+df3654b377
	   |-- fabric-object-builder-api-v1 11.1.3+1802ada577
	   |-- fabric-particles-v1 1.1.2+1802ada577
	   |-- fabric-recipe-api-v1 1.0.21+1802ada577
	   |-- fabric-registry-sync-v0 2.3.3+1802ada577
	   |-- fabric-renderer-api-v1 3.2.1+1802ada577
	   |-- fabric-renderer-indigo 1.5.2+85287f9f77
	   |-- fabric-renderer-registries-v1 3.2.46+df3654b377
	   |-- fabric-rendering-data-attachment-v1 0.3.37+92a0d36777
	   |-- fabric-rendering-fluids-v1 3.0.28+1802ada577
	   |-- fabric-rendering-v0 1.1.49+df3654b377
	   |-- fabric-rendering-v1 3.0.8+1802ada577
	   |-- fabric-resource-conditions-api-v1 2.3.8+1802ada577
	   |-- fabric-resource-loader-v0 0.11.10+1802ada577
	   |-- fabric-screen-api-v1 2.0.8+1802ada577
	   |-- fabric-screen-handler-api-v1 1.3.30+1802ada577
	   |-- fabric-sound-api-v1 1.0.13+1802ada577
	   |-- fabric-transfer-api-v1 3.3.5+8dd72ea377
	   \-- fabric-transitive-access-wideners-v1 4.3.1+1802ada577
	- fabric-language-kotlin 1.10.20+kotlin.1.9.24
	   |-- org_jetbrains_kotlin_kotlin-reflect 1.9.24
	   |-- org_jetbrains_kotlin_kotlin-stdlib 1.9.24
	   |-- org_jetbrains_kotlin_kotlin-stdlib-jdk7 1.9.24
	   |-- org_jetbrains_kotlin_kotlin-stdlib-jdk8 1.9.24
	   |-- org_jetbrains_kotlinx_atomicfu-jvm 0.24.0
	   |-- org_jetbrains_kotlinx_kotlinx-coroutines-core-jvm 1.8.0
	   |-- org_jetbrains_kotlinx_kotlinx-coroutines-jdk8 1.8.0
	   |-- org_jetbrains_kotlinx_kotlinx-datetime-jvm 0.5.0
	   |-- org_jetbrains_kotlinx_kotlinx-serialization-cbor-jvm 1.6.3
	   |-- org_jetbrains_kotlinx_kotlinx-serialization-core-jvm 1.6.3
	   \-- org_jetbrains_kotlinx_kotlinx-serialization-json-jvm 1.6.3
	- fabricloader 0.16.3
	   \-- mixinextras 0.4.1
	- ferritecore 6.0.1
	- forgeconfigapiport 8.0.1
	- fwaystones 3.3.2+mc1.20.1
	- fzzy_config 0.5.8+1.20.1
	   |-- blue_endless_jankson 1.2.3
	   |-- fabric-permissions-api-v0 0.3.1
	   \-- net_peanuuutz_tomlkt_tomlkt-jvm 0.3.7
	- geckolib 4.4.9
	   \-- com_eliotlash_mclib_mclib 20
	- jade 11.11.0+fabric
	- java 17
	- jewelry 1.3.7+1.20.1
	   \-- com_github_zsoltmolnarrr_tinyconfig 2.3.2
	- justzoom 2.0.0
	- konkrete 1.8.1
	- lootr 0.7.34.84
	- minecraft 1.20.1
	- modernfix 5.19.5+mc1.20.1
	- mr_dungeons_andtaverns 3.0.3.f
	- owo 0.11.2+1.20
	- pehkui 3.8.3+1.14.4-1.21
	   \-- kanos_config 0.4.1+1.14.4-1.19.4
	- player-animator 1.0.2-rc1+1.20
	- polymorph 0.49.7+1.20.1
	   \-- spectrelib 0.13.17+1.20.1
	        |-- com_electronwill_night-config_core 3.6.7
	        \-- com_electronwill_night-config_toml 3.6.7
	- puzzleslib 8.1.25
	   \-- puzzlesaccessapi 8.0.7
	- ranged_weapon_api 1.1.4+1.20.1
	- simplyswords 1.56.0-1.20.1
	   \-- spruceui 5.0.0+1.20
	- soulsweapons 1.1.5-1.20.1-fabric
	- spell_power 0.12.0+1.20.1
	   \-- com_github_zsoltmolnarrr_tinyconfig 2.3.2
	- starterkit 7.1
	- structure_pool_api 1.0+1.20.1
	- structureessentials 1.20.1-3.4
	- terralith 2.5.4
	- trinkets 3.7.2
	- visualworkbench 8.0.0
	- xaerominimap 24.6.1
	- xaeroworldmap 1.39.0
[13:58:26] [main/INFO]: SpongePowered MIXIN Subsystem Version=0.8.7 Source=file:/workspaces/SMP/servidor_minecraft/libraries/net/fabricmc/sponge-mixin/0.15.2+mixin.0.8.7/sponge-mixin-0.15.2+mixin.0.8.7.jar Service=Knot/Fabric Env=SERVER
[13:58:26] [main/INFO]: Compatibility level set to JAVA_17
[13:58:27] [main/INFO]: Loaded configuration file for ModernFix 5.19.5+mc1.20.1: 61 options available, 0 override(s) found
[13:58:27] [main/INFO]: Applying Nashorn fix
[13:58:27] [main/WARN]: Reference map 'simplyswords-fabric-refmap.json' for simplyswords.mixins.json could not be read. If this is a development environment you can ignore this message
[13:58:27] [main/WARN]: Reference map 'starterkit_fabric.refmap.json' for starterkit_fabric.mixins.json could not be read. If this is a development environment you can ignore this message
[13:58:27] [main/WARN]: Error loading class: dev/ftb/mods/ftbchunks/data/ClaimedChunkManagerImpl (java.lang.ClassNotFoundException: dev/ftb/mods/ftbchunks/data/ClaimedChunkManagerImpl)
[13:58:27] [main/WARN]: @Mixin target dev.ftb.mods.ftbchunks.data.ClaimedChunkManagerImpl was not found doespotatotick.mixins.json:ClaimedChunkManagerImplMixin from mod doespotatotick
[13:58:27] [main/WARN]: Error loading class: fr/catcore/server/translations/api/resource/language/SystemDelegatedLanguage (java.lang.ClassNotFoundException: fr/catcore/server/translations/api/resource/language/SystemDelegatedLanguage)
[13:58:28] [main/INFO]: Loaded config for: structureessentials.json
[13:58:28] [main/INFO]: Initializing MixinExtras via com.llamalad7.mixinextras.service.MixinExtrasServiceImpl(version=0.4.1).
[13:58:36] [main/INFO]: Vanilla bootstrap took 7768 milliseconds
[13:58:37] [main/INFO]: Registering C2S receiver with id artifacts:networking_channel/42a7ad70b1cc371599a0eff744096b8a
[13:58:37] [main/INFO]: Registering C2S receiver with id artifacts:networking_channel/74a5e841822a3a87854ae896a33430d6
[13:58:37] [main/INFO]: Registering C2S receiver with id artifacts:networking_channel/eb3d1e2748533430848cadf0f37c7e9c
[13:58:37] [main/INFO]: Registering C2S receiver with id artifacts:networking_channel/91c8520f19f93b3e8b6a727568e194ab
[13:58:37] [main/INFO]: Registering C2S receiver with id artifacts:networking_channel/8c2784d778293fd482ed84b8aa5fedb9
[13:58:37] [main/INFO]: Registering C2S receiver with id artifacts:networking_channel/ea038224ea783d40b2863f52239e2604
[13:58:37] [main/INFO]: Registering C2S receiver with id artifacts:networking_channel/97ad64b7ecaf33209991c4f031501a58
[13:58:37] [main/INFO]: Better Compatibility Checker starting
[13:58:37] [main/INFO]: Loading config file
[13:58:37] [main/INFO]: Config file loaded
[13:58:37] [main/INFO]: Fixing MC-151457. Crafting remainder for minecraft:pufferfish_bucket is now minecraft:bucket.
[13:58:37] [main/INFO]: Fixing MC-151457. Crafting remainder for minecraft:salmon_bucket is now minecraft:bucket.
[13:58:37] [main/INFO]: Fixing MC-151457. Crafting remainder for minecraft:cod_bucket is now minecraft:bucket.
[13:58:37] [main/INFO]: Fixing MC-151457. Crafting remainder for minecraft:tropical_fish_bucket is now minecraft:bucket.
[13:58:37] [main/INFO]: Fixing MC-151457. Crafting remainder for minecraft:axolotl_bucket is now minecraft:bucket.
[13:58:37] [main/INFO]: Fixing MC-151457. Crafting remainder for minecraft:powder_snow_bucket is now minecraft:bucket.
[13:58:37] [main/INFO]: Fixing MC-151457. Crafting remainder for minecraft:tadpole_bucket is now minecraft:bucket.
[13:58:37] [main/INFO]: Loading Collective version 7.87.
[13:58:38] [main/INFO]: Loaded config for: cupboard.json
[13:58:39] [main/INFO]: Loaded config :emi_loot_config in 1123ms
[13:58:39] [main/INFO]: ExpandAbility here, who dis?
[13:58:39] [main/INFO]: Is initializing.
[13:58:39] [main/INFO]: Has successfully been initialized.
[13:58:39] [main/WARN]: [JUST ZOOM] Disabling 'Just Zoom' since it's a client-side mod and current environment is server!
[13:58:39] [main/INFO]: [KONKRETE] Successfully initialized!
[13:58:39] [main/INFO]: [KONKRETE] Server-side libs ready to use!
[13:58:39] [main/INFO]: Maybe we take a page out of the Wisp Forest handbook: When in doubt, steal glisco's code
[13:58:39] [main/INFO]: Constructing common components for puzzleslib:main
[13:58:40] [main/INFO]: [STDOUT]: /workspaces/SMP/servidor_minecraft/config
[13:58:40] [main/INFO]: Config initialized!
[13:58:40] [main/INFO]: Successfully initialized Geckolib!
[13:58:40] [main/INFO]: Successfully registered SoulsWeapons content!
[13:58:40] [main/INFO]: Successfully registered built-in 2D model resourcepack!
[13:58:40] [main/INFO]: Successfully registered built-in Legacy 2D Models resourcepack!
[13:58:40] [main/INFO]: Successfully registered built-in Legacy 3D Models resourcepack!
[13:58:40] [main/INFO]: Successfully registered built-in Fresh Animations Compat. resourcepack!
[13:58:40] [main/INFO]: Initializing done, time taken: 330ms
[13:58:41] [main/INFO]: structureessentials mod initialized
[13:58:41] [main/INFO]: Constructing common components for visualworkbench:main
[13:58:41] [main/INFO]: Loading Xaero's Minimap - Stage 1/2 (Server)
[13:58:41] [main/INFO]: Loading Xaero's World Map - Stage 1/2 (Server)
[13:58:41] [main/INFO]: Environment: authHost='https://authserver.mojang.com', accountsHost='https://api.mojang.com', sessionHost='https://sessionserver.mojang.com', servicesHost='https://api.minecraftservices.com', name='PROD'
[13:58:41] [main/INFO]: Bypassed Mojang DFU
[13:58:44] [main/WARN]: Adding spell_power:fire to saved/remote registry.
[13:58:44] [main/WARN]: Adding spell_power:frost to saved/remote registry.
[13:58:44] [main/WARN]: Adding spell_power:arcane to saved/remote registry.
[13:58:44] [main/INFO]: [fabric-registry-sync] Loaded registry data [file 1/4]
[13:58:45] [main/WARN]: Method overwrite conflict for getRolls in emi_loot.mixins.json:LootPoolAccessor from mod emi_loot, previously written by net.fabricmc.fabric.mixin.loot.table.LootPoolMixin. Skipping method.
[13:58:50] [main/INFO]: parsing loot tables
[13:58:50] [main/INFO]: finished parsing loot tables
[13:58:50] [main/INFO]: Loaded 7 recipes
[13:58:50] [main/INFO]: Loaded 1545 advancements
[13:58:51] [main/INFO]: Applied 599 biome modifications to 152 of 163 new biomes in 32.77 ms
[13:58:51] [Server thread/INFO]: Adding waystone fwaystones:village_waystone to village kaisyn:village/flower_forest_japanese/houses
[13:58:51] [Server thread/ERROR]: Cannot add to kaisyn:village/flower_forest_japanese/houses as it cannot be found!
[13:58:51] [Server thread/INFO]: Adding waystone fwaystones:desert_village_waystone to village ctov:village/desert_oasis/house
[13:58:51] [Server thread/ERROR]: Cannot add to ctov:village/desert_oasis/house as it cannot be found!
[13:58:51] [Server thread/INFO]: Adding waystone fwaystones:village_waystone to village ctov:village/mountain_alpine/house
[13:58:51] [Server thread/ERROR]: Cannot add to ctov:village/mountain_alpine/house as it cannot be found!
[13:58:51] [Server thread/INFO]: Adding waystone fwaystones:village_waystone to village kaisyn:village/beach_lighthouse/side
[13:58:51] [Server thread/ERROR]: Cannot add to kaisyn:village/beach_lighthouse/side as it cannot be found!
[13:58:51] [Server thread/INFO]: Adding waystone fwaystones:village_waystone to village ctov:village/savanna_na/house
[13:58:51] [Server thread/ERROR]: Cannot add to ctov:village/savanna_na/house as it cannot be found!
[13:58:51] [Server thread/INFO]: Adding waystone fwaystones:village_waystone to village ctov:village/swamp/house
[13:58:51] [Server thread/ERROR]: Cannot add to ctov:village/swamp/house as it cannot be found!
[13:58:51] [Server thread/INFO]: Adding waystone fwaystones:village_waystone to village minecraft:village/savanna/houses
[13:58:51] [Server thread/INFO]: Adding waystone fwaystones:village_waystone to village ctov:village/snowy_igloo/house
[13:58:51] [Server thread/ERROR]: Cannot add to ctov:village/snowy_igloo/house as it cannot be found!
[13:58:51] [Server thread/INFO]: Adding waystone fwaystones:village_waystone to village kaisyn:village/exclusives/nilotic/houses
[13:58:51] [Server thread/ERROR]: Cannot add to kaisyn:village/exclusives/nilotic/houses as it cannot be found!
[13:58:51] [Server thread/INFO]: Adding waystone fwaystones:village_waystone to village kaisyn:village/badlands_pueblo/houses
[13:58:51] [Server thread/ERROR]: Cannot add to kaisyn:village/badlands_pueblo/houses as it cannot be found!
[13:58:51] [Server thread/INFO]: Adding waystone fwaystones:village_waystone to village kaisyn:village/exclusives/tudor/houses
[13:58:51] [Server thread/ERROR]: Cannot add to kaisyn:village/exclusives/tudor/houses as it cannot be found!
[13:58:51] [Server thread/INFO]: Adding waystone fwaystones:village_waystone to village ctov:village/mushroom/house
[13:58:51] [Server thread/ERROR]: Cannot add to ctov:village/mushroom/house as it cannot be found!
[13:58:51] [Server thread/INFO]: Adding waystone fwaystones:village_waystone to village kaisyn:village/exclusives/mediterranean/houses/regular
[13:58:51] [Server thread/ERROR]: Cannot add to kaisyn:village/exclusives/mediterranean/houses/regular as it cannot be found!
[13:58:51] [Server thread/INFO]: Adding waystone fwaystones:village_waystone to village minecraft:village/taiga/houses
[13:58:51] [Server thread/INFO]: Adding waystone fwaystones:village_waystone to village kaisyn:village/birch_forest_romanian/houses
[13:58:51] [Server thread/ERROR]: Cannot add to kaisyn:village/birch_forest_romanian/houses as it cannot be found!
[13:58:51] [Server thread/INFO]: Adding waystone fwaystones:red_desert_village_waystone to village ctov:village/mesa_fortified/house
[13:58:51] [Server thread/ERROR]: Cannot add to ctov:village/mesa_fortified/house as it cannot be found!
[13:58:51] [Server thread/INFO]: Adding waystone fwaystones:village_waystone to village kaisyn:village/exclusives/classic/houses
[13:58:51] [Server thread/ERROR]: Cannot add to kaisyn:village/exclusives/classic/houses as it cannot be found!
[13:58:51] [Server thread/INFO]: Adding waystone fwaystones:village_waystone to village kaisyn:village/exclusives/wandering_trader_camp/side
[13:58:51] [Server thread/ERROR]: Cannot add to kaisyn:village/exclusives/wandering_trader_camp/side as it cannot be found!
[13:58:51] [Server thread/INFO]: Adding waystone fwaystones:desert_village_waystone to village ctov:village/desert/house
[13:58:51] [Server thread/ERROR]: Cannot add to ctov:village/desert/house as it cannot be found!
[13:58:51] [Server thread/INFO]: Adding waystone fwaystones:village_waystone to village kaisyn:village/exclusives/rustic/houses
[13:58:51] [Server thread/ERROR]: Cannot add to kaisyn:village/exclusives/rustic/houses as it cannot be found!
[13:58:51] [Server thread/INFO]: Adding waystone fwaystones:desert_village_waystone to village minecraft:village/desert/houses
[13:58:51] [Server thread/INFO]: Adding waystone fwaystones:village_waystone to village ctov:village/savanna/house
[13:58:51] [Server thread/ERROR]: Cannot add to ctov:village/savanna/house as it cannot be found!
[13:58:51] [Server thread/INFO]: Adding waystone fwaystones:desert_village_waystone to village ctov:village/beach/house
[13:58:51] [Server thread/ERROR]: Cannot add to ctov:village/beach/house as it cannot be found!
[13:58:51] [Server thread/INFO]: Adding waystone fwaystones:village_waystone to village minecraft:village/plains/houses
[13:58:51] [Server thread/INFO]: Adding waystone fwaystones:village_waystone to village ctov:village/taiga/house
[13:58:51] [Server thread/ERROR]: Cannot add to ctov:village/taiga/house as it cannot be found!
[13:58:51] [Server thread/INFO]: Adding waystone fwaystones:stone_brick_village_waystone to village ctov:village/underground/house
[13:58:51] [Server thread/ERROR]: Cannot add to ctov:village/underground/house as it cannot be found!
[13:58:51] [Server thread/INFO]: Adding waystone fwaystones:red_desert_village_waystone to village ctov:village/mesa/house
[13:58:51] [Server thread/ERROR]: Cannot add to ctov:village/mesa/house as it cannot be found!
[13:58:51] [Server thread/INFO]: Adding waystone fwaystones:village_waystone to village kaisyn:village/grove_villager_outpost/decor
[13:58:51] [Server thread/ERROR]: Cannot add to kaisyn:village/grove_villager_outpost/decor as it cannot be found!
[13:58:51] [Server thread/INFO]: Adding waystone fwaystones:mossy_stone_brick_village_waystone to village ctov:village/jungle/house
[13:58:51] [Server thread/ERROR]: Cannot add to ctov:village/jungle/house as it cannot be found!
[13:58:51] [Server thread/INFO]: Adding waystone fwaystones:village_waystone to village ctov:village/mountain/house
[13:58:51] [Server thread/ERROR]: Cannot add to ctov:village/mountain/house as it cannot be found!
[13:58:51] [Server thread/INFO]: Adding waystone fwaystones:village_waystone to village ctov:village/halloween/house
[13:58:51] [Server thread/ERROR]: Cannot add to ctov:village/halloween/house as it cannot be found!
[13:58:51] [Server thread/INFO]: Adding waystone fwaystones:village_waystone to village kaisyn:village/jungle_tribal/houses
[13:58:51] [Server thread/ERROR]: Cannot add to kaisyn:village/jungle_tribal/houses as it cannot be found!
[13:58:51] [Server thread/INFO]: Adding waystone fwaystones:village_waystone to village kaisyn:village/exclusives/iberian/houses
[13:58:51] [Server thread/ERROR]: Cannot add to kaisyn:village/exclusives/iberian/houses as it cannot be found!
[13:58:51] [Server thread/INFO]: Adding waystone fwaystones:village_waystone to village ctov:village/christmas/house
[13:58:51] [Server thread/ERROR]: Cannot add to ctov:village/christmas/house as it cannot be found!
[13:58:51] [Server thread/INFO]: Adding waystone fwaystones:village_waystone to village minecraft:village/snowy/houses
[13:58:51] [Server thread/INFO]: Adding waystone fwaystones:village_waystone to village ctov:village/plains/house
[13:58:51] [Server thread/ERROR]: Cannot add to ctov:village/plains/house as it cannot be found!
[13:58:51] [Server thread/INFO]: Adding waystone fwaystones:village_waystone to village ctov:village/swamp_fortified/house
[13:58:51] [Server thread/ERROR]: Cannot add to ctov:village/swamp_fortified/house as it cannot be found!
[13:58:51] [Server thread/INFO]: Adding waystone fwaystones:village_waystone to village ctov:village/plains_fortified/house
[13:58:51] [Server thread/ERROR]: Cannot add to ctov:village/plains_fortified/house as it cannot be found!
[13:58:51] [Server thread/INFO]: Adding waystone fwaystones:village_waystone to village ctov:village/taiga_fortified/house
[13:58:51] [Server thread/ERROR]: Cannot add to ctov:village/taiga_fortified/house as it cannot be found!
[13:58:51] [Server thread/INFO]: Adding waystone fwaystones:village_waystone to village kaisyn:village/exclusives/swedish/houses
[13:58:51] [Server thread/ERROR]: Cannot add to kaisyn:village/exclusives/swedish/houses as it cannot be found!
[13:58:51] [Server thread/INFO]: Adding waystone fwaystones:mossy_stone_brick_village_waystone to village ctov:village/jungle_tree/house
[13:58:51] [Server thread/ERROR]: Cannot add to ctov:village/jungle_tree/house as it cannot be found!
[13:58:51] [Server thread/INFO]: Starting minecraft server version 1.20.1
[13:58:51] [Server thread/INFO]: Loading properties
[13:58:51] [Server thread/INFO]: Default game type: SURVIVAL
[13:58:51] [Server thread/INFO]: Generating keypair
[13:58:51] [Server thread/INFO]: Starting Minecraft server on *:25565
[13:58:51] [Server thread/INFO]: Using epoll channel type
[13:58:52] [Server thread/WARN]: **** SERVER IS RUNNING IN OFFLINE/INSECURE MODE!
[13:58:52] [Server thread/WARN]: The server will make no attempt to authenticate usernames. Beware.
[13:58:52] [Server thread/WARN]: While this makes the game possible to play without internet access, it also opens up the ability for hackers to connect with any username they choose.
[13:58:52] [Server thread/WARN]: To change this, set "online-mode" to "true" in the server.properties file.
[13:58:52] [Server thread/INFO]: Preparing level "world"
[13:58:53] [Server thread/INFO]: Preparing start region for dimension minecraft:overworld
[13:58:57] [Server thread/INFO]: Preparing spawn area: 0%
[13:58:57] [Server thread/INFO]: Preparing spawn area: 0%
[13:58:57] [Server thread/INFO]: Preparing spawn area: 0%
[13:58:57] [Server thread/INFO]: Preparing spawn area: 0%
[13:58:57] [Server thread/INFO]: Preparing spawn area: 0%
[13:58:57] [Server thread/INFO]: Preparing spawn area: 0%
[13:58:57] [Server thread/INFO]: Preparing spawn area: 0%
[13:58:57] [Server thread/INFO]: Preparing spawn area: 0%
[13:58:57] [Server thread/INFO]: Preparing spawn area: 0%
[13:58:57] [Server thread/INFO]: Preparing spawn area: 0%
[13:58:58] [Server thread/INFO]: Time elapsed: 5558 ms
[13:58:58] [Server thread/INFO]: Done (6.687s)! For help, type "help"
[13:58:58] [Server thread/WARN]: Dedicated server took 34.732 seconds to load
[13:58:59] [Server thread/INFO]: Encoded Weapon Attribute registry size (with package overhead): 142716 bytes (in 15 string chunks with the size of 10000)
[13:58:59] [Server thread/INFO]: Start loading plugin from Jade
[13:58:59] [Server thread/INFO]: Start loading plugin from Jade
[13:58:59] [Server thread/INFO]: Start loading plugin from Jade
[13:58:59] [Server thread/INFO]: Loaded values for 29 compatible attributes.
[13:58:59] [Server thread/INFO]: Loaded 29 values from config.
[13:58:59] [Server thread/INFO]: Saving config file. 29 entries.
[13:58:59] [Server thread/INFO]: Applying changes for 29 attributes.
[13:58:59] [Server thread/INFO]: Loading Xaero's Minimap - Stage 2/2 (Server)
[13:58:59] [Server thread/INFO]: Loading Xaero's World Map - Stage 2/2 (Server)
[14:00:08] [Server thread/INFO]: NotTrainok[/127.49.151.250:47033] logged in with entity id 244 at (-10.727933282535277, 81.0, 22.31606571185781)
[14:00:08] [Server thread/INFO]: Sending server config values to client
[14:00:08] [Server thread/INFO]: Syncing config to NotTrainok (2013165f-f22c-305a-8b32-33fa70672379)
[14:00:08] [Netty Epoll Server IO #3/INFO]: Receiving client config
[14:00:09] [Server thread/INFO]: NotTrainok joined the game
[14:00:10] [Server thread/WARN]: Can't keep up! Is the server overloaded? Running 2043ms or 40 ticks behind
[14:01:02] [Worker-Main-1/INFO]: Instantiating Mojang DFU
[14:01:08] [Server thread/WARN]: Tried to load a block entity for block Block{minecraft:fletching_table} but failed at location class_2338{x=-75, y=-3, z=-207}
[14:01:19] [Server thread/WARN]: Tried to load a block entity for block Block{minecraft:smithing_table} but failed at location class_2338{x=17, y=30, z=-225}
[14:01:26] [Server thread/WARN]: Tried to load a block entity for block Block{minecraft:smithing_table} but failed at location class_2338{x=-2, y=25, z=-248}
[14:01:37] [Server thread/WARN]: Tried to load a block entity for block Block{minecraft:smithing_table} but failed at location class_2338{x=-95, y=1, z=-261}
[14:02:04] [Server thread/INFO]: [Not Secure] <NotTrainok> stop
[14:02:12] [Server thread/INFO]: [NotTrainok: Stopping the server]
[14:02:12] [Server thread/INFO]: Stopping server
[14:02:12] [Server thread/INFO]: Saving players
[14:02:12] [Server thread/INFO]: NotTrainok lost connection: Server closed
[14:02:12] [Server thread/INFO]: NotTrainok left the game
[14:02:12] [Server thread/INFO]: Saving worlds
[14:02:13] [Server thread/INFO]: Saving chunks for level 'ServerLevel[world]'/minecraft:overworld
[14:02:14] [Server thread/INFO]: Saving chunks for level 'ServerLevel[world]'/minecraft:the_end
[14:02:14] [Server thread/INFO]: Saving chunks for level 'ServerLevel[world]'/minecraft:the_nether
[14:02:14] [Server thread/INFO]: ThreadedAnvilChunkStorage (world): All chunks are saved
[14:02:14] [Server thread/INFO]: ThreadedAnvilChunkStorage (DIM1): All chunks are saved
[14:02:14] [Server thread/INFO]: ThreadedAnvilChunkStorage (DIM-1): All chunks are saved
[14:02:14] [Server thread/INFO]: ThreadedAnvilChunkStorage: All dimensions are saved
